<?xml version="1.0" encoding="UTF-8"?>
<!-- Generated by org.testng.reporters.JUnitReportReporter -->
<testsuite skipped="0" hostname="OLW0136334" name="Tests.Tea_Online_Store_Tests" tests="4" failures="0" timestamp="2020-03-13T11:20:02 CAT" time="98.947" errors="0">
  <testcase name="Add_Product_From_Store" time="62.775" classname="Tests.Tea_Online_Store_Tests"/>
  <testcase name="CheckOut_Order_Test" time="20.221" classname="Tests.Tea_Online_Store_Tests"/>
  <testcase name="Subscribe" time="8.774" classname="Tests.Tea_Online_Store_Tests"/>
  <testcase name="Submit_Query" time="7.177" classname="Tests.Tea_Online_Store_Tests"/>
</testsuite> <!-- Tests.Tea_Online_Store_Tests -->
